[02/12 16:50:07] Baali atacou Pixie (:brainai:fadinha)
[02/12 16:50:11] Baali atacou Pixie (:brainai:fadinha)
[03/03 19:21:03] junin atacou Cervo Majestoso (:brainai:greathart)
[03/03 19:21:06] junin atacou Cervo Majestoso (:brainai:greathart)
[03/03 19:21:08] junin atacou Cervo Majestoso (:brainai:greathart)
[03/03 19:21:13] junin atacou Cervo Majestoso (:brainai:greathart)
[03/03 19:21:15] junin atacou Cervo Majestoso (:brainai:greathart)
[03/03 19:21:19] junin atacou Cervo Majestoso (:brainai:greathart)
[03/03 19:21:22] junin atacou Cervo Majestoso (:brainai:greathart)
[03/03 19:21:24] junin atacou Cervo Majestoso (:brainai:greathart)
[03/03 19:42:19] junin atacou Cervo Majestoso (:brainai:greathart)
[03/03 19:42:23] junin atacou Cervo Majestoso (:brainai:greathart)
[03/04 17:08:09] junin atacou Cachorro (:brainai:dog)
[03/04 17:08:12] junin atacou Cachorro (:brainai:dog)
[03/04 17:45:22] gabiru atacou Akenet (:brainai:cat)
[03/04 17:45:24] gabiru atacou Akenet (:brainai:cat)
[03/05 16:13:05] junin atacou Cervo Majestoso (:brainai:greathart)
[03/05 16:13:07] junin atacou Cervo Majestoso (:brainai:greathart)
[03/05 16:13:11] junin atacou Cervo Majestoso (:brainai:greathart)
[03/05 16:13:14] junin atacou Cervo Majestoso (:brainai:greathart)
[03/05 16:13:16] junin atacou Cervo Majestoso (:brainai:greathart)
[03/05 16:13:23] junin atacou Cervo Majestoso (:brainai:greathart)
[03/05 16:13:25] junin atacou Cervo Majestoso (:brainai:greathart)
[03/05 16:13:27] junin atacou Cervo Majestoso (:brainai:greathart)
[03/05 16:13:30] junin atacou Cervo Majestoso (:brainai:greathart)
[03/05 16:19:22] junin atacou Cervo Majestoso (:brainai:greathart)
[03/05 16:19:30] junin atacou Cervo Majestoso (:brainai:greathart)
[03/05 16:19:34] junin atacou Cervo Majestoso (:brainai:greathart)
[03/05 16:19:41] junin atacou Cervo Majestoso (:brainai:greathart)
[03/05 16:19:43] junin atacou Cervo Majestoso (:brainai:greathart)
[03/05 16:19:48] junin atacou Cervo Majestoso (:brainai:greathart)
[03/05 16:42:20] junin atacou Jacare (:brainai:alligator)
[03/05 16:42:27] junin atacou Jacare (:brainai:alligator)
[03/05 16:42:29] junin atacou Jacare (:brainai:alligator)
[03/05 16:42:42] junin atacou Jacare (:brainai:alligator)
[03/05 16:42:45] junin atacou Jacare (:brainai:alligator)
[03/05 17:14:18] junin atacou Jacare (:brainai:alligator)
[03/05 17:14:22] junin atacou Jacare (:brainai:alligator)
[03/05 17:14:25] junin atacou Jacare (:brainai:alligator)
[03/05 17:14:29] junin atacou Jacare (:brainai:alligator)
[03/05 17:14:32] junin atacou Jacare (:brainai:alligator)
[03/05 17:29:03] junin atacou Jacare (:brainai:alligator)
[03/05 17:29:05] junin atacou Jacare (:brainai:alligator)
[03/05 17:29:09] junin atacou Jacare (:brainai:alligator)
[03/05 17:29:14] junin atacou Jacare (:brainai:alligator)
[03/05 18:47:33] junin atacou Jacare (:brainai:alligator)
[03/05 18:47:38] junin atacou Jacare (:brainai:alligator)
[03/05 18:47:40] junin atacou Jacare (:brainai:alligator)
[03/06 07:15:31] Niles atacou Gato (:brainai:cat)
[03/06 07:15:33] Niles atacou Gato (:brainai:cat)
[03/06 07:15:50] Niles atacou Gato (:brainai:cat)
[03/06 07:15:54] Niles atacou Gato (:brainai:cat)
[03/06 07:15:59] Niles atacou Gato (:brainai:cat)
[03/06 07:16:01] Niles atacou Gato (:brainai:cat)
[03/06 10:15:41] thebors atacou Byd (:brainai:snake)
[03/06 10:15:44] thebors atacou Byd (:brainai:snake)
[03/07 10:12:53] silverleaf atacou Berec (:brainai:MercenarioExperiente)
[03/07 10:12:55] gabiru atacou Berec (:brainai:MercenarioExperiente)
[03/07 10:12:58] khalango atacou Berec (:brainai:MercenarioExperiente)
[03/07 10:13:02] Niles atacou Berec (:brainai:MercenarioExperiente)
[03/07 10:13:04] gabiru atacou Berec (:brainai:MercenarioExperiente)
[03/07 10:13:13] gabiru atacou Berec (:brainai:MercenarioExperiente)
[03/07 10:13:14] gabiru atacou Berec (:brainai:MercenarioExperiente)
[03/07 10:13:15] khalango atacou Berec (:brainai:MercenarioExperiente)
[03/07 10:13:16] silverleaf atacou Berec (:brainai:MercenarioExperiente)
[03/07 10:13:16] gabiru atacou Berec (:brainai:MercenarioExperiente)
[03/07 10:13:18] khalango atacou Berec (:brainai:MercenarioExperiente)
[03/07 10:13:20] khalango atacou Berec (:brainai:MercenarioExperiente)
[03/07 10:13:31] Niles atacou Berec (:brainai:MercenarioExperiente)
[03/07 10:13:32] flaviogalante atacou Berec (:brainai:MercenarioExperiente)
[03/07 10:13:33] silverleaf atacou Berec (:brainai:MercenarioExperiente)
[03/07 10:13:35] khalango atacou Berec (:brainai:MercenarioExperiente)
[03/07 10:13:38] silverleaf atacou Berec (:brainai:MercenarioExperiente)
[09/28 21:13:16] Baali atacou Furao (:brainai:ferret)
[10/15 01:30:22] contatestedobali atacou Sammon (:merchants:merchant)
[03/24 15:28:37] asuka atacou Globo de Luz (:brainai:globodeluz)
[03/24 16:02:15] HimePhilias atacou Airgid (:brainai:lupinogigante)
[03/24 22:13:09] asuka atacou Globo de Luz (:brainai:globodeluz)
[03/24 22:42:14] suino atacou Globo de Luz (:brainai:globodeluz)
[03/25 13:30:00] HimePhilias atacou Voga (:brainai:cusidhe)
[03/25 14:28:29] Pandora atacou Airgid (:brainai:lupinogigante)
[03/25 20:02:47] HimePhilias atacou Gealach (:brainai:lupinogigante)
[03/26 22:01:14] Kaelyon atacou Warg (:brainai:warg)
[03/26 22:02:07] Kaelyon atacou Warg (:brainai:warg)
[03/26 22:02:10] Kaelyon atacou Warg (:brainai:warg)
[03/26 22:02:18] Kaelyon atacou Warg (:brainai:warg)
[03/26 22:02:20] Kaelyon atacou Warg (:brainai:warg)
[03/26 22:02:28] Kaelyon atacou Warg (:brainai:warg)
[03/27 08:09:24] flaviogalante atacou Elemental de Energia (:brainai:ElementalDeEnergia)
[03/27 08:09:26] flaviogalante atacou Elemental de Energia (:brainai:ElementalDeEnergia)
[03/27 08:09:29] flaviogalante atacou Elemental de Energia (:brainai:ElementalDeEnergia)
[03/27 08:09:31] flaviogalante atacou Elemental de Energia (:brainai:ElementalDeEnergia)
[03/27 08:09:33] flaviogalante atacou Elemental de Energia (:brainai:ElementalDeEnergia)
[03/27 08:09:49] flaviogalante atacou Elemental de Energia (:brainai:ElementalDeEnergia)
[03/27 08:09:54] flaviogalante atacou Elemental de Energia (:brainai:ElementalDeEnergia)
[03/27 08:09:57] flaviogalante atacou Elemental de Energia (:brainai:ElementalDeEnergia)
[03/27 08:10:14] flaviogalante atacou Elemental de Energia (:brainai:ElementalDeEnergia)
[03/27 08:10:16] flaviogalante atacou Elemental de Energia (:brainai:ElementalDeEnergia)
[03/28 10:16:48] suino atacou lagarto (:brainai:lagarto)
[03/28 10:16:50] suino atacou lagarto (:brainai:lagarto)
[03/28 10:16:58] suino atacou lagarto (:brainai:lagarto)
[03/31 09:30:04] urso atacou Globo de Luz (:brainai:globodeluz)
[03/31 10:17:55] urso atacou Globo de Luz (:brainai:globodeluz)
[04/04 20:42:49] digo atacou Chacal (:brainai:jackal)
[04/04 21:33:27] Lancis atacou Puma (:brainai:cougar)
[04/05 20:37:47] flaviogalante atacou Globo de Luz (:brainai:globodeluz)
[04/05 20:37:54] flaviogalante atacou Globo de Luz (:brainai:globodeluz)
[04/06 10:21:37] Mouro atacou Puma (:brainai:cougar)
[04/06 10:21:39] Mouro atacou Puma (:brainai:cougar)
[04/06 10:21:41] Mouro atacou Puma (:brainai:cougar)
[04/06 10:21:44] Mouro atacou Puma (:brainai:cougar)
[04/06 14:20:01] Mouro atacou Nat (:brainai:panther)
[04/06 14:20:13] Mouro atacou Nat (:brainai:panther)
[04/06 14:20:16] Mouro atacou Nat (:brainai:panther)
[04/06 14:23:18] marcknight atacou Caranguejo Das Praias (:brainai:caranguejo)
[04/06 14:23:25] marcknight atacou Caranguejo Das Praias (:brainai:caranguejo)
[04/06 14:23:38] marcknight atacou Caranguejo Das Praias (:brainai:caranguejo)
[04/06 14:23:42] marcknight atacou Caranguejo Das Praias (:brainai:caranguejo)
[04/06 14:23:49] marcknight atacou Caranguejo Das Praias (:brainai:caranguejo)
[04/06 14:23:59] marcknight atacou Caranguejo Das Praias (:brainai:caranguejo)
[04/06 14:24:02] marcknight atacou Caranguejo Das Praias (:brainai:caranguejo)
[04/06 19:48:37] Mouro atacou Reptiliano do Deserto (:brainai:desertostard)
[04/06 20:07:31] Lancis atacou Reptiliano do Deserto (:brainai:desertostard)
[04/06 22:00:23] Lancis atacou Caranguejo Das Praias (:brainai:caranguejo)
[04/06 22:00:25] Lancis atacou Caranguejo Das Praias (:brainai:caranguejo)
[04/06 22:00:33] Lancis atacou Caranguejo Das Praias (:brainai:caranguejo)
[04/06 22:00:38] Lancis atacou Caranguejo Das Praias (:brainai:caranguejo)
[04/06 22:00:42] Lancis atacou Caranguejo Das Praias (:brainai:caranguejo)
[04/06 22:00:44] Lancis atacou Caranguejo Das Praias (:brainai:caranguejo)
[04/06 22:00:46] Lancis atacou Caranguejo Das Praias (:brainai:caranguejo)
[04/06 22:00:52] Lancis atacou Caranguejo Das Praias (:brainai:caranguejo)
[04/06 22:00:54] Lancis atacou Caranguejo Das Praias (:brainai:caranguejo)
[04/06 22:00:56] Lancis atacou Caranguejo Das Praias (:brainai:caranguejo)
[04/06 22:00:58] Lancis atacou Caranguejo Das Praias (:brainai:caranguejo)
[04/06 22:01:03] Lancis atacou Caranguejo Das Praias (:brainai:caranguejo)
[04/07 22:41:58] mya atacou Caranguejo Das Praias (:brainai:caranguejo)
[04/08 15:15:06] Mouro atacou FluFlu (:brainai:PackLlama)
[04/08 21:14:44] Mouro atacou Reptiliano do Deserto (:brainai:desertostard)
[04/08 21:14:46] Mouro atacou Reptiliano do Deserto (:brainai:desertostard)
[04/09 00:19:46] Kaelyon atacou Carneiro (:brainai:sheep)
[04/09 00:19:49] Kaelyon atacou Carneiro (:brainai:sheep)
[04/09 17:49:56] Mouro atacou Reptiliano do Deserto (:brainai:desertostard)
[04/11 13:25:16] Kaelyon atacou Lobo Cinzento (:brainai:wolf)
[04/11 19:21:09] marcknight atacou Passaro (:brainai:bird)
[04/11 19:21:12] marcknight atacou Passaro (:brainai:bird)
[04/13 20:36:15] Bescoito atacou Urso Cinzento (:brainai:grizzlybear)
[04/13 20:36:18] Bescoito atacou Urso Cinzento (:brainai:grizzlybear)
[04/13 20:36:27] Bescoito atacou Urso Cinzento (:brainai:grizzlybear)
[04/14 13:43:09] marcknight atacou FluFlu (:brainai:PackLlama)
[04/14 19:14:15] Mouro atacou Lobo das Montanhas (:brainai:wolfleather)
[04/14 19:14:32] Mouro atacou Lobo das Montanhas (:brainai:wolfleather)
[04/14 19:14:38] Mouro atacou Lobo das Montanhas (:brainai:wolfleather)
[04/14 19:14:43] Mouro atacou Lobo das Montanhas (:brainai:wolfleather)
[04/14 19:14:46] Mouro atacou Lobo das Montanhas (:brainai:wolfleather)
[04/14 19:14:55] Mouro atacou Lobo das Montanhas (:brainai:wolfleather)
[04/14 19:15:09] Mouro atacou Lobo das Montanhas (:brainai:wolfleather)
[04/14 19:15:15] Mouro atacou Lobo das Montanhas (:brainai:wolfleather)
[04/14 19:15:20] Mouro atacou Lobo das Montanhas (:brainai:wolfleather)
[04/14 19:15:26] Mouro atacou Lobo das Montanhas (:brainai:wolfleather)
[04/14 19:15:29] Mouro atacou Lobo das Montanhas (:brainai:wolfleather)
[04/14 19:15:35] Mouro atacou Lobo das Montanhas (:brainai:wolfleather)
[04/14 19:15:40] Mouro atacou Lobo das Montanhas (:brainai:wolfleather)
[04/14 19:15:49] Mouro atacou Lobo das Montanhas (:brainai:wolfleather)
[04/14 19:15:52] Mouro atacou Lobo das Montanhas (:brainai:wolfleather)
[04/19 12:12:32] Mouro atacou FluFlu (:brainai:PackLlama)
[04/19 13:24:18] Mouro atacou Reptiliano do Deserto (:brainai:desertostard)
[04/19 21:48:52] omoreno atacou Globo de Luz (:brainai:globodeluz)
[04/20 14:36:48] Mouro atacou Reptiliano do Deserto (:brainai:desertostard)
[04/20 15:20:13] omoreno atacou Globo de Luz (:brainai:globodeluz)
[04/21 09:41:17] marcknight atacou Sel (:brainai:StoneSpider)
[04/21 19:41:25] omoreno atacou Globo de Luz (:brainai:globodeluz)
